<?xml version="1.0" encoding="utf-8"?><testsuites name="pytest tests"><testsuite name="pytest" errors="0" failures="0" skipped="0" tests="3" time="0.810" timestamp="2026-05-06T02:26:05.193842+00:00" hostname="agent-env-b506f51e-04b8-4dde-8748-a19f117fce19"><testcase classname="backend.tests.test_life_portfolio_api.TestRoot" name="test_root_message" time="0.243" /><testcase classname="backend.tests.test_life_portfolio_api.TestResumeDownload" name="test_resume_download_headers_and_bytes" time="0.074" /><testcase classname="backend.tests.test_life_portfolio_api.TestStatusChecks" name="test_status_round_trip" time="0.235" /></testsuite></testsuites>