<?xml version="1.0" encoding="utf-8"?><testsuites name="pytest tests"><testsuite name="pytest" errors="0" failures="0" skipped="0" tests="14" time="1.352" timestamp="2026-05-06T03:50:16.203796+00:00" hostname="agent-env-b506f51e-04b8-4dde-8748-a19f117fce19"><testcase classname="backend.tests.test_life_portfolio_api.TestRoot" name="test_root_message" time="0.183" /><testcase classname="backend.tests.test_life_portfolio_api.TestResumeDownload" name="test_resume_download_headers_and_bytes" time="0.062" /><testcase classname="backend.tests.test_life_portfolio_api.TestStatusChecks" name="test_status_round_trip" time="0.139" /><testcase classname="backend.tests.test_traces_api.TestTracesPostValid" name="test_post_valid_word_returns_id" time="0.156" /><testcase classname="backend.tests.test_traces_api.TestTracesPostValid" name="test_post_word_with_apostrophe" time="0.051" /><testcase classname="backend.tests.test_traces_api.TestTracesPostValid" name="test_post_word_with_hyphen" time="0.048" /><testcase classname="backend.tests.test_traces_api.TestTracesPostValid" name="test_post_word_24_chars" time="0.047" /><testcase classname="backend.tests.test_traces_api.TestTracesPostInvalid" name="test_empty_word_rejected" time="0.051" /><testcase classname="backend.tests.test_traces_api.TestTracesPostInvalid" name="test_whitespace_word_rejected" time="0.060" /><testcase classname="backend.tests.test_traces_api.TestTracesPostInvalid" name="test_word_with_spaces_rejected" time="0.052" /><testcase classname="backend.tests.test_traces_api.TestTracesPostInvalid" name="test_word_over_24_chars_rejected" time="0.076" /><testcase classname="backend.tests.test_traces_api.TestTracesPostInvalid" name="test_word_special_chars_rejected" time="0.053" /><testcase classname="backend.tests.test_traces_api.TestTracesGet" name="test_get_returns_list_and_contains_created" time="0.097" /><testcase classname="backend.tests.test_traces_api.TestTracesGet" name="test_get_limit_param" time="0.200" /></testsuite></testsuites>